[2025-07-10 09:28:26] {"Level":"info","Message":"应用程序启动","Labels":{"component":"main","datacenter":"local","env":"development","level":"info","service":"example-app","version":"1.0.0"},"Fields":{"startup_time":"2025-07-10T09:28:26+08:00"},"Time":1752110906}
[2025-07-10 09:28:26] {"Level":"debug","Message":"调试信息","Labels":{"component":"main","datacenter":"local","env":"development","level":"debug","service":"example-app","version":"1.0.0"},"Fields":{"debug_flag":true},"Time":1752110906}
[2025-07-10 09:28:26] {"Level":"info","Message":"用户登录","Labels":{"component":"main","datacenter":"local","env":"development","level":"info","service":"example-app","version":"1.0.0"},"Fields":{"ip":"192.168.1.100","user_agent":"Mozilla/5.0","user_id":"12345","username":"alice"},"Time":1752110906}
[2025-07-10 09:28:26] {"Level":"warn","Message":"数据库连接缓慢","Labels":{"component":"main","datacenter":"local","env":"development","level":"warn","service":"example-app","version":"1.0.0"},"Fields":{"connection_time":5.2,"database":"postgres","threshold":3},"Time":1752110906}
[2025-07-10 09:28:26] {"Level":"error","Message":"数据库错误","Labels":{"component":"main","datacenter":"local","env":"development","level":"error","service":"example-app","version":"1.0.0"},"Fields":{"database":"mysql","error":"数据库连接失败","retry_count":3},"Time":1752110906}
[2025-07-10 09:28:26] {"Level":"info","Message":"开始处理订单","Labels":{"component":"main","datacenter":"local","env":"development","level":"info","service":"example-app","version":"1.0.0"},"Fields":{},"Time":1752110906}
[2025-07-10 09:28:26] {"Level":"info","Message":"处理订单","Labels":{"component":"main","datacenter":"local","env":"development","level":"info","service":"example-app","version":"1.0.0"},"Fields":{"amount":99.99,"customer_id":101,"order_id":1,"status":"processing"},"Time":1752110906}
[2025-07-10 09:28:27] {"Level":"info","Message":"处理订单","Labels":{"component":"main","datacenter":"local","env":"development","level":"info","service":"example-app","version":"1.0.0"},"Fields":{"amount":199.98,"customer_id":102,"order_id":2,"status":"processing"},"Time":1752110907}
[2025-07-10 09:28:27] {"Level":"info","Message":"处理订单","Labels":{"component":"main","datacenter":"local","env":"development","level":"info","service":"example-app","version":"1.0.0"},"Fields":{"amount":299.96999999999997,"customer_id":103,"order_id":3,"status":"processing"},"Time":1752110907}
[2025-07-10 09:28:27] {"Level":"warn","Message":"订单处理缓慢","Labels":{"component":"main","datacenter":"local","env":"development","level":"warn","service":"example-app","version":"1.0.0"},"Fields":{"order_id":3,"processing_time":2.5},"Time":1752110907}
[2025-07-10 09:28:27] {"Level":"info","Message":"处理订单","Labels":{"component":"main","datacenter":"local","env":"development","level":"info","service":"example-app","version":"1.0.0"},"Fields":{"amount":399.96,"customer_id":104,"order_id":4,"status":"processing"},"Time":1752110907}
[2025-07-10 09:28:27] {"Level":"info","Message":"处理订单","Labels":{"component":"main","datacenter":"local","env":"development","level":"info","service":"example-app","version":"1.0.0"},"Fields":{"amount":499.95,"customer_id":105,"order_id":5,"status":"processing"},"Time":1752110907}
[2025-07-10 09:28:27] {"Level":"info","Message":"订单处理完成","Labels":{"component":"main","datacenter":"local","env":"development","level":"info","service":"example-app","version":"1.0.0"},"Fields":{"total_orders":5},"Time":1752110907}
[2025-07-10 09:28:27] {"Level":"info","Message":"应用程序结束","Labels":{"component":"main","datacenter":"local","env":"development","level":"info","service":"example-app","version":"1.0.0"},"Fields":{},"Time":1752110907}
[2025-07-10 09:34:34] {"Level":"info","Message":"应用程序启动","Labels":{"component":"main","datacenter":"local","env":"development","level":"info","service":"example-app","version":"1.0.0"},"Fields":{"startup_time":"2025-07-10T09:34:34+08:00"},"Time":1752111274}
[2025-07-10 09:34:34] {"Level":"debug","Message":"调试信息","Labels":{"component":"main","datacenter":"local","env":"development","level":"debug","service":"example-app","version":"1.0.0"},"Fields":{"debug_flag":true},"Time":1752111274}
[2025-07-10 09:34:34] {"Level":"info","Message":"用户登录","Labels":{"component":"main","datacenter":"local","env":"development","level":"info","service":"example-app","version":"1.0.0"},"Fields":{"ip":"192.168.1.100","user_agent":"Mozilla/5.0","user_id":"12345","username":"alice"},"Time":1752111274}
[2025-07-10 09:34:34] {"Level":"warn","Message":"数据库连接缓慢","Labels":{"component":"main","datacenter":"local","env":"development","level":"warn","service":"example-app","version":"1.0.0"},"Fields":{"connection_time":5.2,"database":"postgres","threshold":3},"Time":1752111274}
[2025-07-10 09:34:34] {"Level":"error","Message":"数据库错误","Labels":{"component":"main","datacenter":"local","env":"development","level":"error","service":"example-app","version":"1.0.0"},"Fields":{"database":"mysql","error":"数据库连接失败","retry_count":3},"Time":1752111274}
[2025-07-10 09:34:34] {"Level":"info","Message":"开始处理订单","Labels":{"component":"main","datacenter":"local","env":"development","level":"info","service":"example-app","version":"1.0.0"},"Fields":{},"Time":1752111274}
[2025-07-10 09:34:34] {"Level":"info","Message":"处理订单","Labels":{"component":"main","datacenter":"local","env":"development","level":"info","service":"example-app","version":"1.0.0"},"Fields":{"amount":99.99,"customer_id":101,"order_id":1,"status":"processing"},"Time":1752111274}
[2025-07-10 09:34:34] {"Level":"info","Message":"处理订单","Labels":{"component":"main","datacenter":"local","env":"development","level":"info","service":"example-app","version":"1.0.0"},"Fields":{"amount":199.98,"customer_id":102,"order_id":2,"status":"processing"},"Time":1752111274}
[2025-07-10 09:34:34] {"Level":"info","Message":"处理订单","Labels":{"component":"main","datacenter":"local","env":"development","level":"info","service":"example-app","version":"1.0.0"},"Fields":{"amount":299.96999999999997,"customer_id":103,"order_id":3,"status":"processing"},"Time":1752111274}
[2025-07-10 09:34:34] {"Level":"warn","Message":"订单处理缓慢","Labels":{"component":"main","datacenter":"local","env":"development","level":"warn","service":"example-app","version":"1.0.0"},"Fields":{"order_id":3,"processing_time":2.5},"Time":1752111274}
[2025-07-10 09:34:34] {"Level":"info","Message":"处理订单","Labels":{"component":"main","datacenter":"local","env":"development","level":"info","service":"example-app","version":"1.0.0"},"Fields":{"amount":399.96,"customer_id":104,"order_id":4,"status":"processing"},"Time":1752111274}
[2025-07-10 09:34:35] {"Level":"info","Message":"处理订单","Labels":{"component":"main","datacenter":"local","env":"development","level":"info","service":"example-app","version":"1.0.0"},"Fields":{"amount":499.95,"customer_id":105,"order_id":5,"status":"processing"},"Time":1752111275}
[2025-07-10 09:34:35] {"Level":"info","Message":"订单处理完成","Labels":{"component":"main","datacenter":"local","env":"development","level":"info","service":"example-app","version":"1.0.0"},"Fields":{"total_orders":5},"Time":1752111275}
[2025-07-10 09:34:35] {"Level":"info","Message":"应用程序结束","Labels":{"component":"main","datacenter":"local","env":"development","level":"info","service":"example-app","version":"1.0.0"},"Fields":{},"Time":1752111275}
[2025-07-10 09:35:30] {"Level":"info","Message":"应用程序启动","Labels":{"component":"main","datacenter":"local","env":"development","level":"info","service":"example-app","version":"1.0.0"},"Fields":{"startup_time":"2025-07-10T09:35:30+08:00"},"Time":1752111330}
[2025-07-10 09:35:30] {"Level":"debug","Message":"调试信息","Labels":{"component":"main","datacenter":"local","env":"development","level":"debug","service":"example-app","version":"1.0.0"},"Fields":{"debug_flag":true},"Time":1752111330}
[2025-07-10 09:35:30] {"Level":"info","Message":"用户登录","Labels":{"component":"main","datacenter":"local","env":"development","level":"info","service":"example-app","version":"1.0.0"},"Fields":{"ip":"192.168.1.100","user_agent":"Mozilla/5.0","user_id":"12345","username":"alice"},"Time":1752111330}
[2025-07-10 09:35:30] {"Level":"warn","Message":"数据库连接缓慢","Labels":{"component":"main","datacenter":"local","env":"development","level":"warn","service":"example-app","version":"1.0.0"},"Fields":{"connection_time":5.2,"database":"postgres","threshold":3},"Time":1752111330}
[2025-07-10 09:35:30] {"Level":"error","Message":"数据库错误","Labels":{"component":"main","datacenter":"local","env":"development","level":"error","service":"example-app","version":"1.0.0"},"Fields":{"database":"mysql","error":"数据库连接失败","retry_count":3},"Time":1752111330}
[2025-07-10 09:35:30] {"Level":"info","Message":"开始处理订单","Labels":{"component":"main","datacenter":"local","env":"development","level":"info","service":"example-app","version":"1.0.0"},"Fields":{},"Time":1752111330}
[2025-07-10 09:35:30] {"Level":"info","Message":"处理订单","Labels":{"component":"main","datacenter":"local","env":"development","level":"info","service":"example-app","version":"1.0.0"},"Fields":{"amount":99.99,"customer_id":101,"order_id":1,"status":"processing"},"Time":1752111330}
[2025-07-10 09:35:30] {"Level":"info","Message":"处理订单","Labels":{"component":"main","datacenter":"local","env":"development","level":"info","service":"example-app","version":"1.0.0"},"Fields":{"amount":199.98,"customer_id":102,"order_id":2,"status":"processing"},"Time":1752111330}
[2025-07-10 09:35:30] {"Level":"info","Message":"处理订单","Labels":{"component":"main","datacenter":"local","env":"development","level":"info","service":"example-app","version":"1.0.0"},"Fields":{"amount":299.96999999999997,"customer_id":103,"order_id":3,"status":"processing"},"Time":1752111330}
[2025-07-10 09:35:30] {"Level":"warn","Message":"订单处理缓慢","Labels":{"component":"main","datacenter":"local","env":"development","level":"warn","service":"example-app","version":"1.0.0"},"Fields":{"order_id":3,"processing_time":2.5},"Time":1752111330}
[2025-07-10 09:35:30] {"Level":"info","Message":"处理订单","Labels":{"component":"main","datacenter":"local","env":"development","level":"info","service":"example-app","version":"1.0.0"},"Fields":{"amount":399.96,"customer_id":104,"order_id":4,"status":"processing"},"Time":1752111330}
[2025-07-10 09:35:30] {"Level":"info","Message":"处理订单","Labels":{"component":"main","datacenter":"local","env":"development","level":"info","service":"example-app","version":"1.0.0"},"Fields":{"amount":499.95,"customer_id":105,"order_id":5,"status":"processing"},"Time":1752111330}
[2025-07-10 09:35:30] {"Level":"info","Message":"订单处理完成","Labels":{"component":"main","datacenter":"local","env":"development","level":"info","service":"example-app","version":"1.0.0"},"Fields":{"total_orders":5},"Time":1752111330}
[2025-07-10 09:35:30] {"Level":"info","Message":"应用程序结束","Labels":{"component":"main","datacenter":"local","env":"development","level":"info","service":"example-app","version":"1.0.0"},"Fields":{},"Time":1752111330}
[2025-07-10 09:51:25] {"Level":"info","Message":"应用程序启动","Labels":{"component":"main","datacenter":"local","env":"development","level":"info","service":"example-app","version":"1.0.0"},"Fields":{"startup_time":"2025-07-10T09:51:25+08:00"},"Time":1752112285}
[2025-07-10 09:51:25] {"Level":"debug","Message":"调试信息","Labels":{"component":"main","datacenter":"local","env":"development","level":"debug","service":"example-app","version":"1.0.0"},"Fields":{"debug_flag":true},"Time":1752112285}
[2025-07-10 09:51:25] {"Level":"info","Message":"用户登录","Labels":{"component":"main","datacenter":"local","env":"development","level":"info","service":"example-app","version":"1.0.0"},"Fields":{"ip":"192.168.1.100","user_agent":"Mozilla/5.0","user_id":"12345","username":"alice"},"Time":1752112285}
[2025-07-10 09:51:25] {"Level":"warn","Message":"数据库连接缓慢","Labels":{"component":"main","datacenter":"local","env":"development","level":"warn","service":"example-app","version":"1.0.0"},"Fields":{"connection_time":5.2,"database":"postgres","threshold":3},"Time":1752112285}
[2025-07-10 09:51:25] {"Level":"error","Message":"数据库错误","Labels":{"component":"main","datacenter":"local","env":"development","level":"error","service":"example-app","version":"1.0.0"},"Fields":{"database":"mysql","error":"数据库连接失败","retry_count":3},"Time":1752112285}
[2025-07-10 09:51:25] {"Level":"info","Message":"开始处理订单","Labels":{"component":"main","datacenter":"local","env":"development","level":"info","service":"example-app","version":"1.0.0"},"Fields":{},"Time":1752112285}
[2025-07-10 09:51:25] {"Level":"info","Message":"处理订单","Labels":{"component":"main","datacenter":"local","env":"development","level":"info","service":"example-app","version":"1.0.0"},"Fields":{"amount":99.99,"customer_id":101,"order_id":1,"status":"processing"},"Time":1752112285}
[2025-07-10 09:51:25] {"Level":"info","Message":"处理订单","Labels":{"component":"main","datacenter":"local","env":"development","level":"info","service":"example-app","version":"1.0.0"},"Fields":{"amount":199.98,"customer_id":102,"order_id":2,"status":"processing"},"Time":1752112285}
[2025-07-10 09:51:26] {"Level":"info","Message":"处理订单","Labels":{"component":"main","datacenter":"local","env":"development","level":"info","service":"example-app","version":"1.0.0"},"Fields":{"amount":299.96999999999997,"customer_id":103,"order_id":3,"status":"processing"},"Time":1752112286}
[2025-07-10 09:51:26] {"Level":"warn","Message":"订单处理缓慢","Labels":{"component":"main","datacenter":"local","env":"development","level":"warn","service":"example-app","version":"1.0.0"},"Fields":{"order_id":3,"processing_time":2.5},"Time":1752112286}
[2025-07-10 09:51:26] {"Level":"info","Message":"处理订单","Labels":{"component":"main","datacenter":"local","env":"development","level":"info","service":"example-app","version":"1.0.0"},"Fields":{"amount":399.96,"customer_id":104,"order_id":4,"status":"processing"},"Time":1752112286}
[2025-07-10 09:51:26] {"Level":"info","Message":"处理订单","Labels":{"component":"main","datacenter":"local","env":"development","level":"info","service":"example-app","version":"1.0.0"},"Fields":{"amount":499.95,"customer_id":105,"order_id":5,"status":"processing"},"Time":1752112286}
[2025-07-10 09:51:26] {"Level":"info","Message":"订单处理完成","Labels":{"component":"main","datacenter":"local","env":"development","level":"info","service":"example-app","version":"1.0.0"},"Fields":{"total_orders":5},"Time":1752112286}
[2025-07-10 09:51:26] {"Level":"info","Message":"应用程序结束","Labels":{"component":"main","datacenter":"local","env":"development","level":"info","service":"example-app","version":"1.0.0"},"Fields":{},"Time":1752112286}
[2025-07-10 09:54:41] {"Level":"info","Message":"应用程序启动","Labels":{"component":"main","datacenter":"local","env":"development","level":"info","service":"example-app","version":"1.0.0"},"Fields":{"startup_time":"2025-07-10T09:54:41+08:00"},"Time":1752112481}
[2025-07-10 09:54:41] {"Level":"debug","Message":"调试信息","Labels":{"component":"main","datacenter":"local","env":"development","level":"debug","service":"example-app","version":"1.0.0"},"Fields":{"debug_flag":true},"Time":1752112481}
[2025-07-10 09:54:41] {"Level":"info","Message":"用户登录","Labels":{"component":"main","datacenter":"local","env":"development","level":"info","service":"example-app","version":"1.0.0"},"Fields":{"ip":"192.168.1.100","user_agent":"Mozilla/5.0","user_id":"12345","username":"alice"},"Time":1752112481}
[2025-07-10 09:54:41] {"Level":"warn","Message":"数据库连接缓慢","Labels":{"component":"main","datacenter":"local","env":"development","level":"warn","service":"example-app","version":"1.0.0"},"Fields":{"connection_time":5.2,"database":"postgres","threshold":3},"Time":1752112481}
[2025-07-10 09:54:41] {"Level":"error","Message":"数据库错误","Labels":{"component":"main","datacenter":"local","env":"development","level":"error","service":"example-app","version":"1.0.0"},"Fields":{"database":"mysql","error":"数据库连接失败","retry_count":3},"Time":1752112481}
[2025-07-10 09:54:41] {"Level":"info","Message":"开始处理订单","Labels":{"component":"main","datacenter":"local","env":"development","level":"info","service":"example-app","version":"1.0.0"},"Fields":{},"Time":1752112481}
[2025-07-10 09:54:41] {"Level":"info","Message":"处理订单","Labels":{"component":"main","datacenter":"local","env":"development","level":"info","service":"example-app","version":"1.0.0"},"Fields":{"amount":99.99,"customer_id":101,"order_id":1,"status":"processing"},"Time":1752112481}
[2025-07-10 09:54:41] {"Level":"info","Message":"处理订单","Labels":{"component":"main","datacenter":"local","env":"development","level":"info","service":"example-app","version":"1.0.0"},"Fields":{"amount":199.98,"customer_id":102,"order_id":2,"status":"processing"},"Time":1752112481}
[2025-07-10 09:54:42] {"Level":"info","Message":"处理订单","Labels":{"component":"main","datacenter":"local","env":"development","level":"info","service":"example-app","version":"1.0.0"},"Fields":{"amount":299.96999999999997,"customer_id":103,"order_id":3,"status":"processing"},"Time":1752112482}
[2025-07-10 09:54:42] {"Level":"warn","Message":"订单处理缓慢","Labels":{"component":"main","datacenter":"local","env":"development","level":"warn","service":"example-app","version":"1.0.0"},"Fields":{"order_id":3,"processing_time":2.5},"Time":1752112482}
[2025-07-10 09:54:42] {"Level":"info","Message":"处理订单","Labels":{"component":"main","datacenter":"local","env":"development","level":"info","service":"example-app","version":"1.0.0"},"Fields":{"amount":399.96,"customer_id":104,"order_id":4,"status":"processing"},"Time":1752112482}
[2025-07-10 09:54:42] {"Level":"info","Message":"处理订单","Labels":{"component":"main","datacenter":"local","env":"development","level":"info","service":"example-app","version":"1.0.0"},"Fields":{"amount":499.95,"customer_id":105,"order_id":5,"status":"processing"},"Time":1752112482}
[2025-07-10 09:54:42] {"Level":"info","Message":"订单处理完成","Labels":{"component":"main","datacenter":"local","env":"development","level":"info","service":"example-app","version":"1.0.0"},"Fields":{"total_orders":5},"Time":1752112482}
[2025-07-10 09:54:42] {"Level":"info","Message":"应用程序结束","Labels":{"component":"main","datacenter":"local","env":"development","level":"info","service":"example-app","version":"1.0.0"},"Fields":{},"Time":1752112482}
